<?xml version="1.0" encoding="UTF-8"?>
<testsuite xmlns:xsi="http://www.w3.org/2001/XMLSchema-instance" xsi:noNamespaceSchemaLocation="https://maven.apache.org/surefire/maven-surefire-plugin/xsd/surefire-test-report-3.0.xsd" version="3.0" name="TestSuite" time="41.359" tests="5" errors="0" skipped="0" failures="0">
  <properties>
[...]
</properties>
  <testcase name="runScenario[&quot;User should be able to search for the products under books categary&quot;, &quot;Optional[Search of various product categories should be possible along with product search]&quot;](1)" classname="features.TestRunner" time="0.335">
    <system-out><![CDATA[>> - Given - I visit the website as a guest user
>> - When - I select the books option from the Search dropdow
>> - And - I click on search icon option
>> - Then - I should see the page having heading as Amazon Best Reads is getting displayed
>> - But - I should not see the other category product
]]></system-out>
  </testcase>
  <testcase name="runScenario[&quot;User should be able to search for the products under baby category&quot;, &quot;Optional[Search of various product categories should be possible along with product search]&quot;](2)" classname="features.TestRunner" time="0.038">
    <system-out><![CDATA[>> - Given - I visit the website as a guest user
>> - When - I select the baby option from the Search dropdow
>> - And - I click on search icon option
>> - Then - I should see the page having heading as Offers on Baby products is getting displayed
>> - But - I should not see the other category product
]]></system-out>
  </testcase>
  <testcase name="runScenario[&quot;User should only be able to login with valid credentials&quot;, &quot;Optional[Login to the omayo application]&quot;](3)" classname="features.TestRunner" time="16.266">
    <system-err><![CDATA[SLF4J: Failed to load class "org.slf4j.impl.StaticLoggerBinder".
SLF4J: Defaulting to no-operation (NOP) logger implementation
SLF4J: See http://www.slf4j.org/codes.html#StaticLoggerBinder for further details.
Starting ChromeDriver 84.0.4147.30 (48b3e868b4cc0aa7e8149519690b6f6949e110a8-refs/branch-heads/4147@{#310}) on port 27395
Only local connections are allowed.
Please see https://chromedriver.chromium.org/security-considerations for suggestions on keeping ChromeDriver safe.
ChromeDriver was started successfully.
Aug 19, 2020 3:32:07 PM org.openqa.selenium.remote.ProtocolHandshake createSession
INFO: Detected dialect: W3C
]]></system-err>
  </testcase>
  <testcase name="runScenario[&quot;User should only be able to login with valid credentials&quot;, &quot;Optional[Login to the omayo application]&quot;](4)" classname="features.TestRunner" time="12.161">
    <system-err><![CDATA[Starting ChromeDriver 84.0.4147.30 (48b3e868b4cc0aa7e8149519690b6f6949e110a8-refs/branch-heads/4147@{#310}) on port 11308
Only local connections are allowed.
Please see https://chromedriver.chromium.org/security-considerations for suggestions on keeping ChromeDriver safe.
ChromeDriver was started successfully.
Aug 19, 2020 3:32:21 PM org.openqa.selenium.remote.ProtocolHandshake createSession
INFO: Detected dialect: W3C
]]></system-err>
  </testcase>
  <testcase name="runScenario[&quot;User should only be able to login with valid credentials&quot;, &quot;Optional[Login to the omayo application]&quot;](5)" classname="features.TestRunner" time="10.961">
    <system-err><![CDATA[Starting ChromeDriver 84.0.4147.30 (48b3e868b4cc0aa7e8149519690b6f6949e110a8-refs/branch-heads/4147@{#310}) on port 1390
Only local connections are allowed.
Please see https://chromedriver.chromium.org/security-considerations for suggestions on keeping ChromeDriver safe.
ChromeDriver was started successfully.
Aug 19, 2020 3:32:32 PM org.openqa.selenium.remote.ProtocolHandshake createSession
INFO: Detected dialect: W3C
]]></system-err>
  </testcase>
</testsuite>