<?xml version="1.0" encoding="UTF-8"?>
<testng-results ignored="0" total="5" passed="5" failed="0" skipped="0">
  <reporter-output>
  </reporter-output>
  <suite started-at="2020-08-19T15:13:21 IST" name="Suite" finished-at="2020-08-19T15:13:53 IST" duration-ms="32593">
    <groups>
      <group name="cucumber">
        <method signature="AbstractTestNGCucumberTests.runScenario(io.cucumber.testng.PickleWrapper, io.cucumber.testng.FeatureWrapper)[pri:0, instance:features.TestRunner@79da8dc5]" name="runScenario" class="io.cucumber.testng.AbstractTestNGCucumberTests"/>
      </group> <!-- cucumber -->
    </groups>
    <test started-at="2020-08-19T15:13:21 IST" name="Test" finished-at="2020-08-19T15:13:53 IST" duration-ms="32593">
      <class name="features.TestRunner">
        <test-method is-config="true" signature="setUpClass()[pri:0, instance:features.TestRunner@79da8dc5]" started-at="2020-08-19T15:13:21 IST" name="setUpClass" finished-at="2020-08-19T15:13:21 IST" duration-ms="380" status="PASS">
          <reporter-output>
          </reporter-output>
        </test-method> <!-- setUpClass -->
        <test-method signature="runScenario(io.cucumber.testng.PickleWrapper, io.cucumber.testng.FeatureWrapper)[pri:0, instance:features.TestRunner@79da8dc5]" started-at="2020-08-19T15:13:21 IST" name="runScenario" description="Runs Cucumber Scenarios" data-provider="scenarios" finished-at="2020-08-19T15:13:21 IST" duration-ms="200" status="PASS">
          <params>
            <param index="0">
              <value>
                <![CDATA["User should be able to search for the products under books categary"]]>
              </value>
            </param>
            <param index="1">
              <value>
                <![CDATA["Optional[Search of various product categories should be possible along with product search]"]]>
              </value>
            </param>
          </params>
          <reporter-output>
          </reporter-output>
        </test-method> <!-- runScenario -->
        <test-method signature="runScenario(io.cucumber.testng.PickleWrapper, io.cucumber.testng.FeatureWrapper)[pri:0, instance:features.TestRunner@79da8dc5]" started-at="2020-08-19T15:13:21 IST" name="runScenario" description="Runs Cucumber Scenarios" data-provider="scenarios" finished-at="2020-08-19T15:13:21 IST" duration-ms="8" status="PASS">
          <params>
            <param index="0">
              <value>
                <![CDATA["User should be able to search for the products under baby category"]]>
              </value>
            </param>
            <param index="1">
              <value>
                <![CDATA["Optional[Search of various product categories should be possible along with product search]"]]>
              </value>
            </param>
          </params>
          <reporter-output>
          </reporter-output>
        </test-method> <!-- runScenario -->
        <test-method signature="runScenario(io.cucumber.testng.PickleWrapper, io.cucumber.testng.FeatureWrapper)[pri:0, instance:features.TestRunner@79da8dc5]" started-at="2020-08-19T15:13:21 IST" name="runScenario" description="Runs Cucumber Scenarios" data-provider="scenarios" finished-at="2020-08-19T15:13:35 IST" duration-ms="13398" status="PASS">
          <params>
            <param index="0">
              <value>
                <![CDATA["User should only be able to login with valid credentials"]]>
              </value>
            </param>
            <param index="1">
              <value>
                <![CDATA["Optional[Login to the omayo application]"]]>
              </value>
            </param>
          </params>
          <reporter-output>
          </reporter-output>
        </test-method> <!-- runScenario -->
        <test-method signature="runScenario(io.cucumber.testng.PickleWrapper, io.cucumber.testng.FeatureWrapper)[pri:0, instance:features.TestRunner@79da8dc5]" started-at="2020-08-19T15:13:35 IST" name="runScenario" description="Runs Cucumber Scenarios" data-provider="scenarios" finished-at="2020-08-19T15:13:43 IST" duration-ms="8764" status="PASS">
          <params>
            <param index="0">
              <value>
                <![CDATA["User should only be able to login with valid credentials"]]>
              </value>
            </param>
            <param index="1">
              <value>
                <![CDATA["Optional[Login to the omayo application]"]]>
              </value>
            </param>
          </params>
          <reporter-output>
          </reporter-output>
        </test-method> <!-- runScenario -->
        <test-method signature="runScenario(io.cucumber.testng.PickleWrapper, io.cucumber.testng.FeatureWrapper)[pri:0, instance:features.TestRunner@79da8dc5]" started-at="2020-08-19T15:13:43 IST" name="runScenario" description="Runs Cucumber Scenarios" data-provider="scenarios" finished-at="2020-08-19T15:13:53 IST" duration-ms="9695" status="PASS">
          <params>
            <param index="0">
              <value>
                <![CDATA["User should only be able to login with valid credentials"]]>
              </value>
            </param>
            <param index="1">
              <value>
                <![CDATA["Optional[Login to the omayo application]"]]>
              </value>
            </param>
          </params>
          <reporter-output>
          </reporter-output>
        </test-method> <!-- runScenario -->
        <test-method is-config="true" signature="tearDownClass()[pri:0, instance:features.TestRunner@79da8dc5]" started-at="2020-08-19T15:13:53 IST" name="tearDownClass" finished-at="2020-08-19T15:13:53 IST" duration-ms="81" status="PASS">
          <reporter-output>
          </reporter-output>
        </test-method> <!-- tearDownClass -->
      </class> <!-- features.TestRunner -->
    </test> <!-- Test -->
  </suite> <!-- Suite -->
</testng-results>
